<?xml version="1.0" encoding="UTF-8"?>
<testsuite xmlns:xsi="http://www.w3.org/2001/XMLSchema-instance" xsi:noNamespaceSchemaLocation="https://maven.apache.org/surefire/maven-surefire-plugin/xsd/surefire-test-report.xsd" name="com.hificoder.mq.producer.MqProducerApplicationTests" time="2.874" tests="1" errors="0" skipped="0" failures="0">
  <properties>
    <property name="sun.desktop" value="gnome"/>
    <property name="awt.toolkit" value="sun.awt.X11.XToolkit"/>
    <property name="file.encoding.pkg" value="sun.io"/>
    <property name="java.specification.version" value="1.8"/>
    <property name="sun.cpu.isalist" value=""/>
    <property name="sun.jnu.encoding" value="UTF-8"/>
    <property name="java.class.path" value="/projects/work/mqproducer/target/test-classes:/projects/work/mqproducer/target/classes:/home/falcon/.m2/repository/org/springframework/boot/spring-boot-starter-artemis/2.1.10.RELEASE/spring-boot-starter-artemis-2.1.10.RELEASE.jar:/home/falcon/.m2/repository/org/springframework/boot/spring-boot-starter/2.1.10.RELEASE/spring-boot-starter-2.1.10.RELEASE.jar:/home/falcon/.m2/repository/org/springframework/boot/spring-boot/2.1.10.RELEASE/spring-boot-2.1.10.RELEASE.jar:/home/falcon/.m2/repository/org/springframework/boot/spring-boot-autoconfigure/2.1.10.RELEASE/spring-boot-autoconfigure-2.1.10.RELEASE.jar:/home/falcon/.m2/repository/org/springframework/boot/spring-boot-starter-logging/2.1.10.RELEASE/spring-boot-starter-logging-2.1.10.RELEASE.jar:/home/falcon/.m2/repository/ch/qos/logback/logback-classic/1.2.3/logback-classic-1.2.3.jar:/home/falcon/.m2/repository/ch/qos/logback/logback-core/1.2.3/logback-core-1.2.3.jar:/home/falcon/.m2/repository/org/apache/logging/log4j/log4j-to-slf4j/2.11.2/log4j-to-slf4j-2.11.2.jar:/home/falcon/.m2/repository/org/apache/logging/log4j/log4j-api/2.11.2/log4j-api-2.11.2.jar:/home/falcon/.m2/repository/org/slf4j/jul-to-slf4j/1.7.29/jul-to-slf4j-1.7.29.jar:/home/falcon/.m2/repository/javax/annotation/javax.annotation-api/1.3.2/javax.annotation-api-1.3.2.jar:/home/falcon/.m2/repository/org/yaml/snakeyaml/1.23/snakeyaml-1.23.jar:/home/falcon/.m2/repository/org/springframework/spring-jms/5.1.11.RELEASE/spring-jms-5.1.11.RELEASE.jar:/home/falcon/.m2/repository/org/springframework/spring-beans/5.1.11.RELEASE/spring-beans-5.1.11.RELEASE.jar:/home/falcon/.m2/repository/org/springframework/spring-messaging/5.1.11.RELEASE/spring-messaging-5.1.11.RELEASE.jar:/home/falcon/.m2/repository/org/springframework/spring-tx/5.1.11.RELEASE/spring-tx-5.1.11.RELEASE.jar:/home/falcon/.m2/repository/org/apache/activemq/artemis-jms-client/2.6.4/artemis-jms-client-2.6.4.jar:/home/falcon/.m2/repository/org/apache/activemq/artemis-core-client/2.6.4/artemis-core-client-2.6.4.jar:/home/falcon/.m2/repository/org/jgroups/jgroups/3.6.13.Final/jgroups-3.6.13.Final.jar:/home/falcon/.m2/repository/org/apache/activemq/artemis-commons/2.6.4/artemis-commons-2.6.4.jar:/home/falcon/.m2/repository/commons-beanutils/commons-beanutils/1.9.3/commons-beanutils-1.9.3.jar:/home/falcon/.m2/repository/commons-collections/commons-collections/3.2.2/commons-collections-3.2.2.jar:/home/falcon/.m2/repository/org/apache/johnzon/johnzon-core/1.1.13/johnzon-core-1.1.13.jar:/home/falcon/.m2/repository/io/netty/netty-transport-native-epoll/4.1.43.Final/netty-transport-native-epoll-4.1.43.Final-linux-x86_64.jar:/home/falcon/.m2/repository/io/netty/netty-transport-native-unix-common/4.1.43.Final/netty-transport-native-unix-common-4.1.43.Final.jar:/home/falcon/.m2/repository/io/netty/netty-transport-native-kqueue/4.1.43.Final/netty-transport-native-kqueue-4.1.43.Final-osx-x86_64.jar:/home/falcon/.m2/repository/io/netty/netty-codec-http/4.1.43.Final/netty-codec-http-4.1.43.Final.jar:/home/falcon/.m2/repository/io/netty/netty-buffer/4.1.43.Final/netty-buffer-4.1.43.Final.jar:/home/falcon/.m2/repository/io/netty/netty-transport/4.1.43.Final/netty-transport-4.1.43.Final.jar:/home/falcon/.m2/repository/io/netty/netty-resolver/4.1.43.Final/netty-resolver-4.1.43.Final.jar:/home/falcon/.m2/repository/io/netty/netty-handler/4.1.43.Final/netty-handler-4.1.43.Final.jar:/home/falcon/.m2/repository/io/netty/netty-codec/4.1.43.Final/netty-codec-4.1.43.Final.jar:/home/falcon/.m2/repository/io/netty/netty-common/4.1.43.Final/netty-common-4.1.43.Final.jar:/home/falcon/.m2/repository/org/apache/activemq/artemis-selector/2.6.4/artemis-selector-2.6.4.jar:/home/falcon/.m2/repository/javax/jms/javax.jms-api/2.0.1/javax.jms-api-2.0.1.jar:/home/falcon/.m2/repository/javax/json/javax.json-api/1.1.4/javax.json-api-1.1.4.jar:/home/falcon/.m2/repository/org/springframework/boot/spring-boot-starter-jersey/2.1.10.RELEASE/spring-boot-starter-jersey-2.1.10.RELEASE.jar:/home/falcon/.m2/repository/org/springframework/boot/spring-boot-starter-json/2.1.10.RELEASE/spring-boot-starter-json-2.1.10.RELEASE.jar:/home/falcon/.m2/repository/com/fasterxml/jackson/core/jackson-databind/2.9.10.1/jackson-databind-2.9.10.1.jar:/home/falcon/.m2/repository/com/fasterxml/jackson/core/jackson-core/2.9.10/jackson-core-2.9.10.jar:/home/falcon/.m2/repository/com/fasterxml/jackson/datatype/jackson-datatype-jdk8/2.9.10/jackson-datatype-jdk8-2.9.10.jar:/home/falcon/.m2/repository/com/fasterxml/jackson/datatype/jackson-datatype-jsr310/2.9.10/jackson-datatype-jsr310-2.9.10.jar:/home/falcon/.m2/repository/com/fasterxml/jackson/module/jackson-module-parameter-names/2.9.10/jackson-module-parameter-names-2.9.10.jar:/home/falcon/.m2/repository/org/springframework/boot/spring-boot-starter-tomcat/2.1.10.RELEASE/spring-boot-starter-tomcat-2.1.10.RELEASE.jar:/home/falcon/.m2/repository/org/apache/tomcat/embed/tomcat-embed-core/9.0.27/tomcat-embed-core-9.0.27.jar:/home/falcon/.m2/repository/org/apache/tomcat/embed/tomcat-embed-el/9.0.27/tomcat-embed-el-9.0.27.jar:/home/falcon/.m2/repository/org/apache/tomcat/embed/tomcat-embed-websocket/9.0.27/tomcat-embed-websocket-9.0.27.jar:/home/falcon/.m2/repository/org/springframework/boot/spring-boot-starter-validation/2.1.10.RELEASE/spring-boot-starter-validation-2.1.10.RELEASE.jar:/home/falcon/.m2/repository/org/springframework/spring-web/5.1.11.RELEASE/spring-web-5.1.11.RELEASE.jar:/home/falcon/.m2/repository/org/glassfish/jersey/core/jersey-server/2.27/jersey-server-2.27.jar:/home/falcon/.m2/repository/org/glassfish/jersey/core/jersey-common/2.27/jersey-common-2.27.jar:/home/falcon/.m2/repository/org/glassfish/hk2/osgi-resource-locator/1.0.1/osgi-resource-locator-1.0.1.jar:/home/falcon/.m2/repository/org/glassfish/jersey/core/jersey-client/2.27/jersey-client-2.27.jar:/home/falcon/.m2/repository/javax/ws/rs/javax.ws.rs-api/2.1/javax.ws.rs-api-2.1.jar:/home/falcon/.m2/repository/org/glassfish/jersey/media/jersey-media-jaxb/2.27/jersey-media-jaxb-2.27.jar:/home/falcon/.m2/repository/javax/validation/validation-api/2.0.1.Final/validation-api-2.0.1.Final.jar:/home/falcon/.m2/repository/org/glassfish/jersey/containers/jersey-container-servlet-core/2.27/jersey-container-servlet-core-2.27.jar:/home/falcon/.m2/repository/org/glassfish/jersey/containers/jersey-container-servlet/2.27/jersey-container-servlet-2.27.jar:/home/falcon/.m2/repository/org/glassfish/jersey/ext/jersey-bean-validation/2.27/jersey-bean-validation-2.27.jar:/home/falcon/.m2/repository/org/glassfish/jersey/ext/jersey-spring4/2.27/jersey-spring4-2.27.jar:/home/falcon/.m2/repository/org/glassfish/jersey/inject/jersey-hk2/2.27/jersey-hk2-2.27.jar:/home/falcon/.m2/repository/org/glassfish/hk2/hk2-locator/2.5.0-b42/hk2-locator-2.5.0-b42.jar:/home/falcon/.m2/repository/org/glassfish/hk2/external/aopalliance-repackaged/2.5.0-b42/aopalliance-repackaged-2.5.0-b42.jar:/home/falcon/.m2/repository/org/javassist/javassist/3.22.0-CR2/javassist-3.22.0-CR2.jar:/home/falcon/.m2/repository/org/glassfish/hk2/hk2/2.5.0-b42/hk2-2.5.0-b42.jar:/home/falcon/.m2/repository/org/glassfish/hk2/hk2-utils/2.5.0-b42/hk2-utils-2.5.0-b42.jar:/home/falcon/.m2/repository/javax/inject/javax.inject/1/javax.inject-1.jar:/home/falcon/.m2/repository/org/glassfish/hk2/hk2-api/2.5.0-b42/hk2-api-2.5.0-b42.jar:/home/falcon/.m2/repository/org/glassfish/hk2/config-types/2.5.0-b42/config-types-2.5.0-b42.jar:/home/falcon/.m2/repository/org/glassfish/hk2/hk2-core/2.5.0-b42/hk2-core-2.5.0-b42.jar:/home/falcon/.m2/repository/org/glassfish/hk2/hk2-config/2.5.0-b42/hk2-config-2.5.0-b42.jar:/home/falcon/.m2/repository/org/glassfish/hk2/hk2-runlevel/2.5.0-b42/hk2-runlevel-2.5.0-b42.jar:/home/falcon/.m2/repository/org/glassfish/hk2/class-model/2.5.0-b42/class-model-2.5.0-b42.jar:/home/falcon/.m2/repository/org/glassfish/hk2/external/asm-all-repackaged/2.5.0-b42/asm-all-repackaged-2.5.0-b42.jar:/home/falcon/.m2/repository/org/glassfish/hk2/spring-bridge/2.5.0-b42/spring-bridge-2.5.0-b42.jar:/home/falcon/.m2/repository/org/springframework/spring-aop/5.1.11.RELEASE/spring-aop-5.1.11.RELEASE.jar:/home/falcon/.m2/repository/org/glassfish/jersey/media/jersey-media-json-jackson/2.27/jersey-media-json-jackson-2.27.jar:/home/falcon/.m2/repository/org/glassfish/jersey/ext/jersey-entity-filtering/2.27/jersey-entity-filtering-2.27.jar:/home/falcon/.m2/repository/com/fasterxml/jackson/core/jackson-annotations/2.9.10/jackson-annotations-2.9.10.jar:/home/falcon/.m2/repository/com/fasterxml/jackson/module/jackson-module-jaxb-annotations/2.9.10/jackson-module-jaxb-annotations-2.9.10.jar:/home/falcon/.m2/repository/javax/xml/bind/jaxb-api/2.3.1/jaxb-api-2.3.1.jar:/home/falcon/.m2/repository/javax/activation/javax.activation-api/1.2.0/javax.activation-api-1.2.0.jar:/home/falcon/.m2/repository/org/springframework/boot/spring-boot-starter-web/2.1.10.RELEASE/spring-boot-starter-web-2.1.10.RELEASE.jar:/home/falcon/.m2/repository/org/hibernate/validator/hibernate-validator/6.0.18.Final/hibernate-validator-6.0.18.Final.jar:/home/falcon/.m2/repository/org/jboss/logging/jboss-logging/3.3.3.Final/jboss-logging-3.3.3.Final.jar:/home/falcon/.m2/repository/com/fasterxml/classmate/1.4.0/classmate-1.4.0.jar:/home/falcon/.m2/repository/org/springframework/spring-webmvc/5.1.11.RELEASE/spring-webmvc-5.1.11.RELEASE.jar:/home/falcon/.m2/repository/org/springframework/spring-context/5.1.11.RELEASE/spring-context-5.1.11.RELEASE.jar:/home/falcon/.m2/repository/org/springframework/spring-expression/5.1.11.RELEASE/spring-expression-5.1.11.RELEASE.jar:/home/falcon/.m2/repository/org/springframework/boot/spring-boot-starter-test/2.1.10.RELEASE/spring-boot-starter-test-2.1.10.RELEASE.jar:/home/falcon/.m2/repository/org/springframework/boot/spring-boot-test/2.1.10.RELEASE/spring-boot-test-2.1.10.RELEASE.jar:/home/falcon/.m2/repository/org/springframework/boot/spring-boot-test-autoconfigure/2.1.10.RELEASE/spring-boot-test-autoconfigure-2.1.10.RELEASE.jar:/home/falcon/.m2/repository/com/jayway/jsonpath/json-path/2.4.0/json-path-2.4.0.jar:/home/falcon/.m2/repository/net/minidev/json-smart/2.3/json-smart-2.3.jar:/home/falcon/.m2/repository/net/minidev/accessors-smart/1.2/accessors-smart-1.2.jar:/home/falcon/.m2/repository/org/ow2/asm/asm/5.0.4/asm-5.0.4.jar:/home/falcon/.m2/repository/org/slf4j/slf4j-api/1.7.29/slf4j-api-1.7.29.jar:/home/falcon/.m2/repository/junit/junit/4.12/junit-4.12.jar:/home/falcon/.m2/repository/org/assertj/assertj-core/3.11.1/assertj-core-3.11.1.jar:/home/falcon/.m2/repository/org/mockito/mockito-core/2.23.4/mockito-core-2.23.4.jar:/home/falcon/.m2/repository/net/bytebuddy/byte-buddy/1.9.16/byte-buddy-1.9.16.jar:/home/falcon/.m2/repository/net/bytebuddy/byte-buddy-agent/1.9.16/byte-buddy-agent-1.9.16.jar:/home/falcon/.m2/repository/org/objenesis/objenesis/2.6/objenesis-2.6.jar:/home/falcon/.m2/repository/org/hamcrest/hamcrest-core/1.3/hamcrest-core-1.3.jar:/home/falcon/.m2/repository/org/hamcrest/hamcrest-library/1.3/hamcrest-library-1.3.jar:/home/falcon/.m2/repository/org/skyscreamer/jsonassert/1.5.0/jsonassert-1.5.0.jar:/home/falcon/.m2/repository/com/vaadin/external/google/android-json/0.0.20131108.vaadin1/android-json-0.0.20131108.vaadin1.jar:/home/falcon/.m2/repository/org/springframework/spring-core/5.1.11.RELEASE/spring-core-5.1.11.RELEASE.jar:/home/falcon/.m2/repository/org/springframework/spring-jcl/5.1.11.RELEASE/spring-jcl-5.1.11.RELEASE.jar:/home/falcon/.m2/repository/org/springframework/spring-test/5.1.11.RELEASE/spring-test-5.1.11.RELEASE.jar:/home/falcon/.m2/repository/org/xmlunit/xmlunit-core/2.6.3/xmlunit-core-2.6.3.jar:"/>
    <property name="java.vm.vendor" value="Oracle Corporation"/>
    <property name="sun.arch.data.model" value="64"/>
    <property name="java.vendor.url" value="http://java.oracle.com/"/>
    <property name="user.timezone" value=""/>
    <property name="java.vm.specification.version" value="1.8"/>
    <property name="os.name" value="Linux"/>
    <property name="user.country" value="US"/>
    <property name="sun.java.launcher" value="SUN_STANDARD"/>
    <property name="sun.boot.library.path" value="/usr/java/jdk1.8.0_202-amd64/jre/lib/amd64"/>
    <property name="sun.java.command" value="/projects/work/mqproducer/target/surefire/surefirebooter1434393290660761769.jar /projects/work/mqproducer/target/surefire 2019-11-12T15-11-41_274-jvmRun1 surefire4247594758751462296tmp surefire_05402006018410399891tmp"/>
    <property name="surefire.test.class.path" value="/projects/work/mqproducer/target/test-classes:/projects/work/mqproducer/target/classes:/home/falcon/.m2/repository/org/springframework/boot/spring-boot-starter-artemis/2.1.10.RELEASE/spring-boot-starter-artemis-2.1.10.RELEASE.jar:/home/falcon/.m2/repository/org/springframework/boot/spring-boot-starter/2.1.10.RELEASE/spring-boot-starter-2.1.10.RELEASE.jar:/home/falcon/.m2/repository/org/springframework/boot/spring-boot/2.1.10.RELEASE/spring-boot-2.1.10.RELEASE.jar:/home/falcon/.m2/repository/org/springframework/boot/spring-boot-autoconfigure/2.1.10.RELEASE/spring-boot-autoconfigure-2.1.10.RELEASE.jar:/home/falcon/.m2/repository/org/springframework/boot/spring-boot-starter-logging/2.1.10.RELEASE/spring-boot-starter-logging-2.1.10.RELEASE.jar:/home/falcon/.m2/repository/ch/qos/logback/logback-classic/1.2.3/logback-classic-1.2.3.jar:/home/falcon/.m2/repository/ch/qos/logback/logback-core/1.2.3/logback-core-1.2.3.jar:/home/falcon/.m2/repository/org/apache/logging/log4j/log4j-to-slf4j/2.11.2/log4j-to-slf4j-2.11.2.jar:/home/falcon/.m2/repository/org/apache/logging/log4j/log4j-api/2.11.2/log4j-api-2.11.2.jar:/home/falcon/.m2/repository/org/slf4j/jul-to-slf4j/1.7.29/jul-to-slf4j-1.7.29.jar:/home/falcon/.m2/repository/javax/annotation/javax.annotation-api/1.3.2/javax.annotation-api-1.3.2.jar:/home/falcon/.m2/repository/org/yaml/snakeyaml/1.23/snakeyaml-1.23.jar:/home/falcon/.m2/repository/org/springframework/spring-jms/5.1.11.RELEASE/spring-jms-5.1.11.RELEASE.jar:/home/falcon/.m2/repository/org/springframework/spring-beans/5.1.11.RELEASE/spring-beans-5.1.11.RELEASE.jar:/home/falcon/.m2/repository/org/springframework/spring-messaging/5.1.11.RELEASE/spring-messaging-5.1.11.RELEASE.jar:/home/falcon/.m2/repository/org/springframework/spring-tx/5.1.11.RELEASE/spring-tx-5.1.11.RELEASE.jar:/home/falcon/.m2/repository/org/apache/activemq/artemis-jms-client/2.6.4/artemis-jms-client-2.6.4.jar:/home/falcon/.m2/repository/org/apache/activemq/artemis-core-client/2.6.4/artemis-core-client-2.6.4.jar:/home/falcon/.m2/repository/org/jgroups/jgroups/3.6.13.Final/jgroups-3.6.13.Final.jar:/home/falcon/.m2/repository/org/apache/activemq/artemis-commons/2.6.4/artemis-commons-2.6.4.jar:/home/falcon/.m2/repository/commons-beanutils/commons-beanutils/1.9.3/commons-beanutils-1.9.3.jar:/home/falcon/.m2/repository/commons-collections/commons-collections/3.2.2/commons-collections-3.2.2.jar:/home/falcon/.m2/repository/org/apache/johnzon/johnzon-core/1.1.13/johnzon-core-1.1.13.jar:/home/falcon/.m2/repository/io/netty/netty-transport-native-epoll/4.1.43.Final/netty-transport-native-epoll-4.1.43.Final-linux-x86_64.jar:/home/falcon/.m2/repository/io/netty/netty-transport-native-unix-common/4.1.43.Final/netty-transport-native-unix-common-4.1.43.Final.jar:/home/falcon/.m2/repository/io/netty/netty-transport-native-kqueue/4.1.43.Final/netty-transport-native-kqueue-4.1.43.Final-osx-x86_64.jar:/home/falcon/.m2/repository/io/netty/netty-codec-http/4.1.43.Final/netty-codec-http-4.1.43.Final.jar:/home/falcon/.m2/repository/io/netty/netty-buffer/4.1.43.Final/netty-buffer-4.1.43.Final.jar:/home/falcon/.m2/repository/io/netty/netty-transport/4.1.43.Final/netty-transport-4.1.43.Final.jar:/home/falcon/.m2/repository/io/netty/netty-resolver/4.1.43.Final/netty-resolver-4.1.43.Final.jar:/home/falcon/.m2/repository/io/netty/netty-handler/4.1.43.Final/netty-handler-4.1.43.Final.jar:/home/falcon/.m2/repository/io/netty/netty-codec/4.1.43.Final/netty-codec-4.1.43.Final.jar:/home/falcon/.m2/repository/io/netty/netty-common/4.1.43.Final/netty-common-4.1.43.Final.jar:/home/falcon/.m2/repository/org/apache/activemq/artemis-selector/2.6.4/artemis-selector-2.6.4.jar:/home/falcon/.m2/repository/javax/jms/javax.jms-api/2.0.1/javax.jms-api-2.0.1.jar:/home/falcon/.m2/repository/javax/json/javax.json-api/1.1.4/javax.json-api-1.1.4.jar:/home/falcon/.m2/repository/org/springframework/boot/spring-boot-starter-jersey/2.1.10.RELEASE/spring-boot-starter-jersey-2.1.10.RELEASE.jar:/home/falcon/.m2/repository/org/springframework/boot/spring-boot-starter-json/2.1.10.RELEASE/spring-boot-starter-json-2.1.10.RELEASE.jar:/home/falcon/.m2/repository/com/fasterxml/jackson/core/jackson-databind/2.9.10.1/jackson-databind-2.9.10.1.jar:/home/falcon/.m2/repository/com/fasterxml/jackson/core/jackson-core/2.9.10/jackson-core-2.9.10.jar:/home/falcon/.m2/repository/com/fasterxml/jackson/datatype/jackson-datatype-jdk8/2.9.10/jackson-datatype-jdk8-2.9.10.jar:/home/falcon/.m2/repository/com/fasterxml/jackson/datatype/jackson-datatype-jsr310/2.9.10/jackson-datatype-jsr310-2.9.10.jar:/home/falcon/.m2/repository/com/fasterxml/jackson/module/jackson-module-parameter-names/2.9.10/jackson-module-parameter-names-2.9.10.jar:/home/falcon/.m2/repository/org/springframework/boot/spring-boot-starter-tomcat/2.1.10.RELEASE/spring-boot-starter-tomcat-2.1.10.RELEASE.jar:/home/falcon/.m2/repository/org/apache/tomcat/embed/tomcat-embed-core/9.0.27/tomcat-embed-core-9.0.27.jar:/home/falcon/.m2/repository/org/apache/tomcat/embed/tomcat-embed-el/9.0.27/tomcat-embed-el-9.0.27.jar:/home/falcon/.m2/repository/org/apache/tomcat/embed/tomcat-embed-websocket/9.0.27/tomcat-embed-websocket-9.0.27.jar:/home/falcon/.m2/repository/org/springframework/boot/spring-boot-starter-validation/2.1.10.RELEASE/spring-boot-starter-validation-2.1.10.RELEASE.jar:/home/falcon/.m2/repository/org/springframework/spring-web/5.1.11.RELEASE/spring-web-5.1.11.RELEASE.jar:/home/falcon/.m2/repository/org/glassfish/jersey/core/jersey-server/2.27/jersey-server-2.27.jar:/home/falcon/.m2/repository/org/glassfish/jersey/core/jersey-common/2.27/jersey-common-2.27.jar:/home/falcon/.m2/repository/org/glassfish/hk2/osgi-resource-locator/1.0.1/osgi-resource-locator-1.0.1.jar:/home/falcon/.m2/repository/org/glassfish/jersey/core/jersey-client/2.27/jersey-client-2.27.jar:/home/falcon/.m2/repository/javax/ws/rs/javax.ws.rs-api/2.1/javax.ws.rs-api-2.1.jar:/home/falcon/.m2/repository/org/glassfish/jersey/media/jersey-media-jaxb/2.27/jersey-media-jaxb-2.27.jar:/home/falcon/.m2/repository/javax/validation/validation-api/2.0.1.Final/validation-api-2.0.1.Final.jar:/home/falcon/.m2/repository/org/glassfish/jersey/containers/jersey-container-servlet-core/2.27/jersey-container-servlet-core-2.27.jar:/home/falcon/.m2/repository/org/glassfish/jersey/containers/jersey-container-servlet/2.27/jersey-container-servlet-2.27.jar:/home/falcon/.m2/repository/org/glassfish/jersey/ext/jersey-bean-validation/2.27/jersey-bean-validation-2.27.jar:/home/falcon/.m2/repository/org/glassfish/jersey/ext/jersey-spring4/2.27/jersey-spring4-2.27.jar:/home/falcon/.m2/repository/org/glassfish/jersey/inject/jersey-hk2/2.27/jersey-hk2-2.27.jar:/home/falcon/.m2/repository/org/glassfish/hk2/hk2-locator/2.5.0-b42/hk2-locator-2.5.0-b42.jar:/home/falcon/.m2/repository/org/glassfish/hk2/external/aopalliance-repackaged/2.5.0-b42/aopalliance-repackaged-2.5.0-b42.jar:/home/falcon/.m2/repository/org/javassist/javassist/3.22.0-CR2/javassist-3.22.0-CR2.jar:/home/falcon/.m2/repository/org/glassfish/hk2/hk2/2.5.0-b42/hk2-2.5.0-b42.jar:/home/falcon/.m2/repository/org/glassfish/hk2/hk2-utils/2.5.0-b42/hk2-utils-2.5.0-b42.jar:/home/falcon/.m2/repository/javax/inject/javax.inject/1/javax.inject-1.jar:/home/falcon/.m2/repository/org/glassfish/hk2/hk2-api/2.5.0-b42/hk2-api-2.5.0-b42.jar:/home/falcon/.m2/repository/org/glassfish/hk2/config-types/2.5.0-b42/config-types-2.5.0-b42.jar:/home/falcon/.m2/repository/org/glassfish/hk2/hk2-core/2.5.0-b42/hk2-core-2.5.0-b42.jar:/home/falcon/.m2/repository/org/glassfish/hk2/hk2-config/2.5.0-b42/hk2-config-2.5.0-b42.jar:/home/falcon/.m2/repository/org/glassfish/hk2/hk2-runlevel/2.5.0-b42/hk2-runlevel-2.5.0-b42.jar:/home/falcon/.m2/repository/org/glassfish/hk2/class-model/2.5.0-b42/class-model-2.5.0-b42.jar:/home/falcon/.m2/repository/org/glassfish/hk2/external/asm-all-repackaged/2.5.0-b42/asm-all-repackaged-2.5.0-b42.jar:/home/falcon/.m2/repository/org/glassfish/hk2/spring-bridge/2.5.0-b42/spring-bridge-2.5.0-b42.jar:/home/falcon/.m2/repository/org/springframework/spring-aop/5.1.11.RELEASE/spring-aop-5.1.11.RELEASE.jar:/home/falcon/.m2/repository/org/glassfish/jersey/media/jersey-media-json-jackson/2.27/jersey-media-json-jackson-2.27.jar:/home/falcon/.m2/repository/org/glassfish/jersey/ext/jersey-entity-filtering/2.27/jersey-entity-filtering-2.27.jar:/home/falcon/.m2/repository/com/fasterxml/jackson/core/jackson-annotations/2.9.10/jackson-annotations-2.9.10.jar:/home/falcon/.m2/repository/com/fasterxml/jackson/module/jackson-module-jaxb-annotations/2.9.10/jackson-module-jaxb-annotations-2.9.10.jar:/home/falcon/.m2/repository/javax/xml/bind/jaxb-api/2.3.1/jaxb-api-2.3.1.jar:/home/falcon/.m2/repository/javax/activation/javax.activation-api/1.2.0/javax.activation-api-1.2.0.jar:/home/falcon/.m2/repository/org/springframework/boot/spring-boot-starter-web/2.1.10.RELEASE/spring-boot-starter-web-2.1.10.RELEASE.jar:/home/falcon/.m2/repository/org/hibernate/validator/hibernate-validator/6.0.18.Final/hibernate-validator-6.0.18.Final.jar:/home/falcon/.m2/repository/org/jboss/logging/jboss-logging/3.3.3.Final/jboss-logging-3.3.3.Final.jar:/home/falcon/.m2/repository/com/fasterxml/classmate/1.4.0/classmate-1.4.0.jar:/home/falcon/.m2/repository/org/springframework/spring-webmvc/5.1.11.RELEASE/spring-webmvc-5.1.11.RELEASE.jar:/home/falcon/.m2/repository/org/springframework/spring-context/5.1.11.RELEASE/spring-context-5.1.11.RELEASE.jar:/home/falcon/.m2/repository/org/springframework/spring-expression/5.1.11.RELEASE/spring-expression-5.1.11.RELEASE.jar:/home/falcon/.m2/repository/org/springframework/boot/spring-boot-starter-test/2.1.10.RELEASE/spring-boot-starter-test-2.1.10.RELEASE.jar:/home/falcon/.m2/repository/org/springframework/boot/spring-boot-test/2.1.10.RELEASE/spring-boot-test-2.1.10.RELEASE.jar:/home/falcon/.m2/repository/org/springframework/boot/spring-boot-test-autoconfigure/2.1.10.RELEASE/spring-boot-test-autoconfigure-2.1.10.RELEASE.jar:/home/falcon/.m2/repository/com/jayway/jsonpath/json-path/2.4.0/json-path-2.4.0.jar:/home/falcon/.m2/repository/net/minidev/json-smart/2.3/json-smart-2.3.jar:/home/falcon/.m2/repository/net/minidev/accessors-smart/1.2/accessors-smart-1.2.jar:/home/falcon/.m2/repository/org/ow2/asm/asm/5.0.4/asm-5.0.4.jar:/home/falcon/.m2/repository/org/slf4j/slf4j-api/1.7.29/slf4j-api-1.7.29.jar:/home/falcon/.m2/repository/junit/junit/4.12/junit-4.12.jar:/home/falcon/.m2/repository/org/assertj/assertj-core/3.11.1/assertj-core-3.11.1.jar:/home/falcon/.m2/repository/org/mockito/mockito-core/2.23.4/mockito-core-2.23.4.jar:/home/falcon/.m2/repository/net/bytebuddy/byte-buddy/1.9.16/byte-buddy-1.9.16.jar:/home/falcon/.m2/repository/net/bytebuddy/byte-buddy-agent/1.9.16/byte-buddy-agent-1.9.16.jar:/home/falcon/.m2/repository/org/objenesis/objenesis/2.6/objenesis-2.6.jar:/home/falcon/.m2/repository/org/hamcrest/hamcrest-core/1.3/hamcrest-core-1.3.jar:/home/falcon/.m2/repository/org/hamcrest/hamcrest-library/1.3/hamcrest-library-1.3.jar:/home/falcon/.m2/repository/org/skyscreamer/jsonassert/1.5.0/jsonassert-1.5.0.jar:/home/falcon/.m2/repository/com/vaadin/external/google/android-json/0.0.20131108.vaadin1/android-json-0.0.20131108.vaadin1.jar:/home/falcon/.m2/repository/org/springframework/spring-core/5.1.11.RELEASE/spring-core-5.1.11.RELEASE.jar:/home/falcon/.m2/repository/org/springframework/spring-jcl/5.1.11.RELEASE/spring-jcl-5.1.11.RELEASE.jar:/home/falcon/.m2/repository/org/springframework/spring-test/5.1.11.RELEASE/spring-test-5.1.11.RELEASE.jar:/home/falcon/.m2/repository/org/xmlunit/xmlunit-core/2.6.3/xmlunit-core-2.6.3.jar:"/>
    <property name="sun.cpu.endian" value="little"/>
    <property name="user.home" value="/home/falcon"/>
    <property name="user.language" value="en"/>
    <property name="java.specification.vendor" value="Oracle Corporation"/>
    <property name="java.home" value="/usr/java/jdk1.8.0_202-amd64/jre"/>
    <property name="basedir" value="/projects/work/mqproducer"/>
    <property name="file.separator" value="/"/>
    <property name="line.separator" value="&#10;"/>
    <property name="java.vm.specification.vendor" value="Oracle Corporation"/>
    <property name="java.specification.name" value="Java Platform API Specification"/>
    <property name="java.awt.graphicsenv" value="sun.awt.X11GraphicsEnvironment"/>
    <property name="surefire.real.class.path" value="/projects/work/mqproducer/target/surefire/surefirebooter1434393290660761769.jar"/>
    <property name="sun.boot.class.path" value="/usr/java/jdk1.8.0_202-amd64/jre/lib/resources.jar:/usr/java/jdk1.8.0_202-amd64/jre/lib/rt.jar:/usr/java/jdk1.8.0_202-amd64/jre/lib/sunrsasign.jar:/usr/java/jdk1.8.0_202-amd64/jre/lib/jsse.jar:/usr/java/jdk1.8.0_202-amd64/jre/lib/jce.jar:/usr/java/jdk1.8.0_202-amd64/jre/lib/charsets.jar:/usr/java/jdk1.8.0_202-amd64/jre/lib/jfr.jar:/usr/java/jdk1.8.0_202-amd64/jre/classes"/>
    <property name="sun.management.compiler" value="HotSpot 64-Bit Tiered Compilers"/>
    <property name="java.runtime.version" value="1.8.0_202-b08"/>
    <property name="user.name" value="falcon"/>
    <property name="path.separator" value=":"/>
    <property name="os.version" value="2.6.32-696.el6.x86_64"/>
    <property name="java.endorsed.dirs" value="/usr/java/jdk1.8.0_202-amd64/jre/lib/endorsed"/>
    <property name="java.runtime.name" value="Java(TM) SE Runtime Environment"/>
    <property name="file.encoding" value="UTF-8"/>
    <property name="java.vm.name" value="Java HotSpot(TM) 64-Bit Server VM"/>
    <property name="localRepository" value="/home/falcon/.m2/repository"/>
    <property name="java.vendor.url.bug" value="http://bugreport.sun.com/bugreport/"/>
    <property name="java.io.tmpdir" value="/tmp"/>
    <property name="java.version" value="1.8.0_202"/>
    <property name="user.dir" value="/projects/work/mqproducer"/>
    <property name="os.arch" value="amd64"/>
    <property name="java.vm.specification.name" value="Java Virtual Machine Specification"/>
    <property name="java.awt.printerjob" value="sun.print.PSPrinterJob"/>
    <property name="sun.os.patch.level" value="unknown"/>
    <property name="java.library.path" value="/usr/java/packages/lib/amd64:/usr/lib64:/lib64:/lib:/usr/lib"/>
    <property name="java.vm.info" value="mixed mode"/>
    <property name="java.vendor" value="Oracle Corporation"/>
    <property name="java.vm.version" value="25.202-b08"/>
    <property name="java.ext.dirs" value="/usr/java/jdk1.8.0_202-amd64/jre/lib/ext:/usr/java/packages/lib/ext"/>
    <property name="sun.io.unicode.encoding" value="UnicodeLittle"/>
    <property name="java.class.version" value="52.0"/>
  </properties>
  <testcase name="contextLoads" classname="com.hificoder.mq.producer.MqProducerApplicationTests" time="0.256"/>
</testsuite>