<?xml version="1.0" encoding="UTF-8"?>
<testsuite xmlns:xsi="http://www.w3.org/2001/XMLSchema-instance" xsi:noNamespaceSchemaLocation="https://maven.apache.org/surefire/maven-surefire-plugin/xsd/surefire-test-report.xsd" name="com.hiFICOder.smart.sanchar.api.SmartSancharApplicationTests" time="3.629" tests="1" errors="0" skipped="0" failures="0">
  <properties>
    <property name="sun.desktop" value="windows"/>
    <property name="awt.toolkit" value="sun.awt.windows.WToolkit"/>
    <property name="file.encoding.pkg" value="sun.io"/>
    <property name="java.specification.version" value="1.8"/>
    <property name="sun.cpu.isalist" value="amd64"/>
    <property name="sun.jnu.encoding" value="Cp1252"/>
    <property name="java.class.path" value="C:\Work\smartsancharapi\target\test-classes;C:\Work\smartsancharapi\target\classes;C:\Users\madhusudanavenganapa\.m2\repository\org\springframework\boot\spring-boot-starter-artemis\2.1.10.RELEASE\spring-boot-starter-artemis-2.1.10.RELEASE.jar;C:\Users\madhusudanavenganapa\.m2\repository\org\springframework\boot\spring-boot-starter\2.1.10.RELEASE\spring-boot-starter-2.1.10.RELEASE.jar;C:\Users\madhusudanavenganapa\.m2\repository\org\springframework\boot\spring-boot\2.1.10.RELEASE\spring-boot-2.1.10.RELEASE.jar;C:\Users\madhusudanavenganapa\.m2\repository\org\springframework\boot\spring-boot-autoconfigure\2.1.10.RELEASE\spring-boot-autoconfigure-2.1.10.RELEASE.jar;C:\Users\madhusudanavenganapa\.m2\repository\org\springframework\boot\spring-boot-starter-logging\2.1.10.RELEASE\spring-boot-starter-logging-2.1.10.RELEASE.jar;C:\Users\madhusudanavenganapa\.m2\repository\ch\qos\logback\logback-classic\1.2.3\logback-classic-1.2.3.jar;C:\Users\madhusudanavenganapa\.m2\repository\ch\qos\logback\logback-core\1.2.3\logback-core-1.2.3.jar;C:\Users\madhusudanavenganapa\.m2\repository\org\apache\logging\log4j\log4j-to-slf4j\2.11.2\log4j-to-slf4j-2.11.2.jar;C:\Users\madhusudanavenganapa\.m2\repository\org\apache\logging\log4j\log4j-api\2.11.2\log4j-api-2.11.2.jar;C:\Users\madhusudanavenganapa\.m2\repository\org\slf4j\jul-to-slf4j\1.7.29\jul-to-slf4j-1.7.29.jar;C:\Users\madhusudanavenganapa\.m2\repository\javax\annotation\javax.annotation-api\1.3.2\javax.annotation-api-1.3.2.jar;C:\Users\madhusudanavenganapa\.m2\repository\org\yaml\snakeyaml\1.23\snakeyaml-1.23.jar;C:\Users\madhusudanavenganapa\.m2\repository\org\springframework\spring-jms\5.1.11.RELEASE\spring-jms-5.1.11.RELEASE.jar;C:\Users\madhusudanavenganapa\.m2\repository\org\springframework\spring-beans\5.1.11.RELEASE\spring-beans-5.1.11.RELEASE.jar;C:\Users\madhusudanavenganapa\.m2\repository\org\springframework\spring-messaging\5.1.11.RELEASE\spring-messaging-5.1.11.RELEASE.jar;C:\Users\madhusudanavenganapa\.m2\repository\org\springframework\spring-tx\5.1.11.RELEASE\spring-tx-5.1.11.RELEASE.jar;C:\Users\madhusudanavenganapa\.m2\repository\org\apache\activemq\artemis-jms-client\2.6.4\artemis-jms-client-2.6.4.jar;C:\Users\madhusudanavenganapa\.m2\repository\org\apache\activemq\artemis-core-client\2.6.4\artemis-core-client-2.6.4.jar;C:\Users\madhusudanavenganapa\.m2\repository\org\jgroups\jgroups\3.6.13.Final\jgroups-3.6.13.Final.jar;C:\Users\madhusudanavenganapa\.m2\repository\org\apache\activemq\artemis-commons\2.6.4\artemis-commons-2.6.4.jar;C:\Users\madhusudanavenganapa\.m2\repository\commons-beanutils\commons-beanutils\1.9.3\commons-beanutils-1.9.3.jar;C:\Users\madhusudanavenganapa\.m2\repository\commons-collections\commons-collections\3.2.2\commons-collections-3.2.2.jar;C:\Users\madhusudanavenganapa\.m2\repository\org\apache\johnzon\johnzon-core\1.1.13\johnzon-core-1.1.13.jar;C:\Users\madhusudanavenganapa\.m2\repository\io\netty\netty-transport-native-epoll\4.1.43.Final\netty-transport-native-epoll-4.1.43.Final-linux-x86_64.jar;C:\Users\madhusudanavenganapa\.m2\repository\io\netty\netty-transport-native-unix-common\4.1.43.Final\netty-transport-native-unix-common-4.1.43.Final.jar;C:\Users\madhusudanavenganapa\.m2\repository\io\netty\netty-transport-native-kqueue\4.1.43.Final\netty-transport-native-kqueue-4.1.43.Final-osx-x86_64.jar;C:\Users\madhusudanavenganapa\.m2\repository\io\netty\netty-codec-http\4.1.43.Final\netty-codec-http-4.1.43.Final.jar;C:\Users\madhusudanavenganapa\.m2\repository\io\netty\netty-buffer\4.1.43.Final\netty-buffer-4.1.43.Final.jar;C:\Users\madhusudanavenganapa\.m2\repository\io\netty\netty-transport\4.1.43.Final\netty-transport-4.1.43.Final.jar;C:\Users\madhusudanavenganapa\.m2\repository\io\netty\netty-resolver\4.1.43.Final\netty-resolver-4.1.43.Final.jar;C:\Users\madhusudanavenganapa\.m2\repository\io\netty\netty-handler\4.1.43.Final\netty-handler-4.1.43.Final.jar;C:\Users\madhusudanavenganapa\.m2\repository\io\netty\netty-codec\4.1.43.Final\netty-codec-4.1.43.Final.jar;C:\Users\madhusudanavenganapa\.m2\repository\io\netty\netty-common\4.1.43.Final\netty-common-4.1.43.Final.jar;C:\Users\madhusudanavenganapa\.m2\repository\org\apache\activemq\artemis-selector\2.6.4\artemis-selector-2.6.4.jar;C:\Users\madhusudanavenganapa\.m2\repository\javax\jms\javax.jms-api\2.0.1\javax.jms-api-2.0.1.jar;C:\Users\madhusudanavenganapa\.m2\repository\javax\json\javax.json-api\1.1.4\javax.json-api-1.1.4.jar;C:\Users\madhusudanavenganapa\.m2\repository\org\springframework\boot\spring-boot-starter-web\2.1.10.RELEASE\spring-boot-starter-web-2.1.10.RELEASE.jar;C:\Users\madhusudanavenganapa\.m2\repository\org\springframework\boot\spring-boot-starter-json\2.1.10.RELEASE\spring-boot-starter-json-2.1.10.RELEASE.jar;C:\Users\madhusudanavenganapa\.m2\repository\com\fasterxml\jackson\core\jackson-databind\2.9.10.1\jackson-databind-2.9.10.1.jar;C:\Users\madhusudanavenganapa\.m2\repository\com\fasterxml\jackson\core\jackson-annotations\2.9.10\jackson-annotations-2.9.10.jar;C:\Users\madhusudanavenganapa\.m2\repository\com\fasterxml\jackson\core\jackson-core\2.9.10\jackson-core-2.9.10.jar;C:\Users\madhusudanavenganapa\.m2\repository\com\fasterxml\jackson\datatype\jackson-datatype-jdk8\2.9.10\jackson-datatype-jdk8-2.9.10.jar;C:\Users\madhusudanavenganapa\.m2\repository\com\fasterxml\jackson\datatype\jackson-datatype-jsr310\2.9.10\jackson-datatype-jsr310-2.9.10.jar;C:\Users\madhusudanavenganapa\.m2\repository\com\fasterxml\jackson\module\jackson-module-parameter-names\2.9.10\jackson-module-parameter-names-2.9.10.jar;C:\Users\madhusudanavenganapa\.m2\repository\org\springframework\boot\spring-boot-starter-tomcat\2.1.10.RELEASE\spring-boot-starter-tomcat-2.1.10.RELEASE.jar;C:\Users\madhusudanavenganapa\.m2\repository\org\apache\tomcat\embed\tomcat-embed-core\9.0.27\tomcat-embed-core-9.0.27.jar;C:\Users\madhusudanavenganapa\.m2\repository\org\apache\tomcat\embed\tomcat-embed-el\9.0.27\tomcat-embed-el-9.0.27.jar;C:\Users\madhusudanavenganapa\.m2\repository\org\apache\tomcat\embed\tomcat-embed-websocket\9.0.27\tomcat-embed-websocket-9.0.27.jar;C:\Users\madhusudanavenganapa\.m2\repository\org\hibernate\validator\hibernate-validator\6.0.18.Final\hibernate-validator-6.0.18.Final.jar;C:\Users\madhusudanavenganapa\.m2\repository\javax\validation\validation-api\2.0.1.Final\validation-api-2.0.1.Final.jar;C:\Users\madhusudanavenganapa\.m2\repository\org\jboss\logging\jboss-logging\3.3.3.Final\jboss-logging-3.3.3.Final.jar;C:\Users\madhusudanavenganapa\.m2\repository\com\fasterxml\classmate\1.4.0\classmate-1.4.0.jar;C:\Users\madhusudanavenganapa\.m2\repository\org\springframework\spring-web\5.1.11.RELEASE\spring-web-5.1.11.RELEASE.jar;C:\Users\madhusudanavenganapa\.m2\repository\org\springframework\spring-webmvc\5.1.11.RELEASE\spring-webmvc-5.1.11.RELEASE.jar;C:\Users\madhusudanavenganapa\.m2\repository\org\springframework\spring-aop\5.1.11.RELEASE\spring-aop-5.1.11.RELEASE.jar;C:\Users\madhusudanavenganapa\.m2\repository\org\springframework\spring-context\5.1.11.RELEASE\spring-context-5.1.11.RELEASE.jar;C:\Users\madhusudanavenganapa\.m2\repository\org\springframework\spring-expression\5.1.11.RELEASE\spring-expression-5.1.11.RELEASE.jar;C:\Users\madhusudanavenganapa\.m2\repository\org\springframework\boot\spring-boot-starter-test\2.1.10.RELEASE\spring-boot-starter-test-2.1.10.RELEASE.jar;C:\Users\madhusudanavenganapa\.m2\repository\org\springframework\boot\spring-boot-test\2.1.10.RELEASE\spring-boot-test-2.1.10.RELEASE.jar;C:\Users\madhusudanavenganapa\.m2\repository\org\springframework\boot\spring-boot-test-autoconfigure\2.1.10.RELEASE\spring-boot-test-autoconfigure-2.1.10.RELEASE.jar;C:\Users\madhusudanavenganapa\.m2\repository\com\jayway\jsonpath\json-path\2.4.0\json-path-2.4.0.jar;C:\Users\madhusudanavenganapa\.m2\repository\net\minidev\json-smart\2.3\json-smart-2.3.jar;C:\Users\madhusudanavenganapa\.m2\repository\net\minidev\accessors-smart\1.2\accessors-smart-1.2.jar;C:\Users\madhusudanavenganapa\.m2\repository\org\ow2\asm\asm\5.0.4\asm-5.0.4.jar;C:\Users\madhusudanavenganapa\.m2\repository\org\slf4j\slf4j-api\1.7.29\slf4j-api-1.7.29.jar;C:\Users\madhusudanavenganapa\.m2\repository\junit\junit\4.12\junit-4.12.jar;C:\Users\madhusudanavenganapa\.m2\repository\org\assertj\assertj-core\3.11.1\assertj-core-3.11.1.jar;C:\Users\madhusudanavenganapa\.m2\repository\org\mockito\mockito-core\2.23.4\mockito-core-2.23.4.jar;C:\Users\madhusudanavenganapa\.m2\repository\net\bytebuddy\byte-buddy\1.9.16\byte-buddy-1.9.16.jar;C:\Users\madhusudanavenganapa\.m2\repository\net\bytebuddy\byte-buddy-agent\1.9.16\byte-buddy-agent-1.9.16.jar;C:\Users\madhusudanavenganapa\.m2\repository\org\objenesis\objenesis\2.6\objenesis-2.6.jar;C:\Users\madhusudanavenganapa\.m2\repository\org\hamcrest\hamcrest-core\1.3\hamcrest-core-1.3.jar;C:\Users\madhusudanavenganapa\.m2\repository\org\hamcrest\hamcrest-library\1.3\hamcrest-library-1.3.jar;C:\Users\madhusudanavenganapa\.m2\repository\org\skyscreamer\jsonassert\1.5.0\jsonassert-1.5.0.jar;C:\Users\madhusudanavenganapa\.m2\repository\com\vaadin\external\google\android-json\0.0.20131108.vaadin1\android-json-0.0.20131108.vaadin1.jar;C:\Users\madhusudanavenganapa\.m2\repository\org\springframework\spring-core\5.1.11.RELEASE\spring-core-5.1.11.RELEASE.jar;C:\Users\madhusudanavenganapa\.m2\repository\org\springframework\spring-jcl\5.1.11.RELEASE\spring-jcl-5.1.11.RELEASE.jar;C:\Users\madhusudanavenganapa\.m2\repository\org\springframework\spring-test\5.1.11.RELEASE\spring-test-5.1.11.RELEASE.jar;C:\Users\madhusudanavenganapa\.m2\repository\org\xmlunit\xmlunit-core\2.6.3\xmlunit-core-2.6.3.jar;"/>
    <property name="java.vm.vendor" value="Oracle Corporation"/>
    <property name="sun.arch.data.model" value="64"/>
    <property name="user.variant" value=""/>
    <property name="java.vendor.url" value="http://java.oracle.com/"/>
    <property name="user.timezone" value="Asia/Calcutta"/>
    <property name="java.vm.specification.version" value="1.8"/>
    <property name="os.name" value="Windows 10"/>
    <property name="user.country" value="US"/>
    <property name="sun.java.launcher" value="SUN_STANDARD"/>
    <property name="sun.boot.library.path" value="C:\Program Files\Java\jdk1.8.0_221\jre\bin"/>
    <property name="sun.java.command" value="C:\Users\MADHUS~1\AppData\Local\Temp\surefire8790349218833997587\surefirebooter5401945417834592427.jar C:\Users\madhusudanavenganapa\AppData\Local\Temp\surefire8790349218833997587 2019-11-16T20-12-11_858-jvmRun1 surefire8272033433768127820tmp surefire_0624173336476999720tmp"/>
    <property name="surefire.test.class.path" value="C:\Work\smartsancharapi\target\test-classes;C:\Work\smartsancharapi\target\classes;C:\Users\madhusudanavenganapa\.m2\repository\org\springframework\boot\spring-boot-starter-artemis\2.1.10.RELEASE\spring-boot-starter-artemis-2.1.10.RELEASE.jar;C:\Users\madhusudanavenganapa\.m2\repository\org\springframework\boot\spring-boot-starter\2.1.10.RELEASE\spring-boot-starter-2.1.10.RELEASE.jar;C:\Users\madhusudanavenganapa\.m2\repository\org\springframework\boot\spring-boot\2.1.10.RELEASE\spring-boot-2.1.10.RELEASE.jar;C:\Users\madhusudanavenganapa\.m2\repository\org\springframework\boot\spring-boot-autoconfigure\2.1.10.RELEASE\spring-boot-autoconfigure-2.1.10.RELEASE.jar;C:\Users\madhusudanavenganapa\.m2\repository\org\springframework\boot\spring-boot-starter-logging\2.1.10.RELEASE\spring-boot-starter-logging-2.1.10.RELEASE.jar;C:\Users\madhusudanavenganapa\.m2\repository\ch\qos\logback\logback-classic\1.2.3\logback-classic-1.2.3.jar;C:\Users\madhusudanavenganapa\.m2\repository\ch\qos\logback\logback-core\1.2.3\logback-core-1.2.3.jar;C:\Users\madhusudanavenganapa\.m2\repository\org\apache\logging\log4j\log4j-to-slf4j\2.11.2\log4j-to-slf4j-2.11.2.jar;C:\Users\madhusudanavenganapa\.m2\repository\org\apache\logging\log4j\log4j-api\2.11.2\log4j-api-2.11.2.jar;C:\Users\madhusudanavenganapa\.m2\repository\org\slf4j\jul-to-slf4j\1.7.29\jul-to-slf4j-1.7.29.jar;C:\Users\madhusudanavenganapa\.m2\repository\javax\annotation\javax.annotation-api\1.3.2\javax.annotation-api-1.3.2.jar;C:\Users\madhusudanavenganapa\.m2\repository\org\yaml\snakeyaml\1.23\snakeyaml-1.23.jar;C:\Users\madhusudanavenganapa\.m2\repository\org\springframework\spring-jms\5.1.11.RELEASE\spring-jms-5.1.11.RELEASE.jar;C:\Users\madhusudanavenganapa\.m2\repository\org\springframework\spring-beans\5.1.11.RELEASE\spring-beans-5.1.11.RELEASE.jar;C:\Users\madhusudanavenganapa\.m2\repository\org\springframework\spring-messaging\5.1.11.RELEASE\spring-messaging-5.1.11.RELEASE.jar;C:\Users\madhusudanavenganapa\.m2\repository\org\springframework\spring-tx\5.1.11.RELEASE\spring-tx-5.1.11.RELEASE.jar;C:\Users\madhusudanavenganapa\.m2\repository\org\apache\activemq\artemis-jms-client\2.6.4\artemis-jms-client-2.6.4.jar;C:\Users\madhusudanavenganapa\.m2\repository\org\apache\activemq\artemis-core-client\2.6.4\artemis-core-client-2.6.4.jar;C:\Users\madhusudanavenganapa\.m2\repository\org\jgroups\jgroups\3.6.13.Final\jgroups-3.6.13.Final.jar;C:\Users\madhusudanavenganapa\.m2\repository\org\apache\activemq\artemis-commons\2.6.4\artemis-commons-2.6.4.jar;C:\Users\madhusudanavenganapa\.m2\repository\commons-beanutils\commons-beanutils\1.9.3\commons-beanutils-1.9.3.jar;C:\Users\madhusudanavenganapa\.m2\repository\commons-collections\commons-collections\3.2.2\commons-collections-3.2.2.jar;C:\Users\madhusudanavenganapa\.m2\repository\org\apache\johnzon\johnzon-core\1.1.13\johnzon-core-1.1.13.jar;C:\Users\madhusudanavenganapa\.m2\repository\io\netty\netty-transport-native-epoll\4.1.43.Final\netty-transport-native-epoll-4.1.43.Final-linux-x86_64.jar;C:\Users\madhusudanavenganapa\.m2\repository\io\netty\netty-transport-native-unix-common\4.1.43.Final\netty-transport-native-unix-common-4.1.43.Final.jar;C:\Users\madhusudanavenganapa\.m2\repository\io\netty\netty-transport-native-kqueue\4.1.43.Final\netty-transport-native-kqueue-4.1.43.Final-osx-x86_64.jar;C:\Users\madhusudanavenganapa\.m2\repository\io\netty\netty-codec-http\4.1.43.Final\netty-codec-http-4.1.43.Final.jar;C:\Users\madhusudanavenganapa\.m2\repository\io\netty\netty-buffer\4.1.43.Final\netty-buffer-4.1.43.Final.jar;C:\Users\madhusudanavenganapa\.m2\repository\io\netty\netty-transport\4.1.43.Final\netty-transport-4.1.43.Final.jar;C:\Users\madhusudanavenganapa\.m2\repository\io\netty\netty-resolver\4.1.43.Final\netty-resolver-4.1.43.Final.jar;C:\Users\madhusudanavenganapa\.m2\repository\io\netty\netty-handler\4.1.43.Final\netty-handler-4.1.43.Final.jar;C:\Users\madhusudanavenganapa\.m2\repository\io\netty\netty-codec\4.1.43.Final\netty-codec-4.1.43.Final.jar;C:\Users\madhusudanavenganapa\.m2\repository\io\netty\netty-common\4.1.43.Final\netty-common-4.1.43.Final.jar;C:\Users\madhusudanavenganapa\.m2\repository\org\apache\activemq\artemis-selector\2.6.4\artemis-selector-2.6.4.jar;C:\Users\madhusudanavenganapa\.m2\repository\javax\jms\javax.jms-api\2.0.1\javax.jms-api-2.0.1.jar;C:\Users\madhusudanavenganapa\.m2\repository\javax\json\javax.json-api\1.1.4\javax.json-api-1.1.4.jar;C:\Users\madhusudanavenganapa\.m2\repository\org\springframework\boot\spring-boot-starter-web\2.1.10.RELEASE\spring-boot-starter-web-2.1.10.RELEASE.jar;C:\Users\madhusudanavenganapa\.m2\repository\org\springframework\boot\spring-boot-starter-json\2.1.10.RELEASE\spring-boot-starter-json-2.1.10.RELEASE.jar;C:\Users\madhusudanavenganapa\.m2\repository\com\fasterxml\jackson\core\jackson-databind\2.9.10.1\jackson-databind-2.9.10.1.jar;C:\Users\madhusudanavenganapa\.m2\repository\com\fasterxml\jackson\core\jackson-annotations\2.9.10\jackson-annotations-2.9.10.jar;C:\Users\madhusudanavenganapa\.m2\repository\com\fasterxml\jackson\core\jackson-core\2.9.10\jackson-core-2.9.10.jar;C:\Users\madhusudanavenganapa\.m2\repository\com\fasterxml\jackson\datatype\jackson-datatype-jdk8\2.9.10\jackson-datatype-jdk8-2.9.10.jar;C:\Users\madhusudanavenganapa\.m2\repository\com\fasterxml\jackson\datatype\jackson-datatype-jsr310\2.9.10\jackson-datatype-jsr310-2.9.10.jar;C:\Users\madhusudanavenganapa\.m2\repository\com\fasterxml\jackson\module\jackson-module-parameter-names\2.9.10\jackson-module-parameter-names-2.9.10.jar;C:\Users\madhusudanavenganapa\.m2\repository\org\springframework\boot\spring-boot-starter-tomcat\2.1.10.RELEASE\spring-boot-starter-tomcat-2.1.10.RELEASE.jar;C:\Users\madhusudanavenganapa\.m2\repository\org\apache\tomcat\embed\tomcat-embed-core\9.0.27\tomcat-embed-core-9.0.27.jar;C:\Users\madhusudanavenganapa\.m2\repository\org\apache\tomcat\embed\tomcat-embed-el\9.0.27\tomcat-embed-el-9.0.27.jar;C:\Users\madhusudanavenganapa\.m2\repository\org\apache\tomcat\embed\tomcat-embed-websocket\9.0.27\tomcat-embed-websocket-9.0.27.jar;C:\Users\madhusudanavenganapa\.m2\repository\org\hibernate\validator\hibernate-validator\6.0.18.Final\hibernate-validator-6.0.18.Final.jar;C:\Users\madhusudanavenganapa\.m2\repository\javax\validation\validation-api\2.0.1.Final\validation-api-2.0.1.Final.jar;C:\Users\madhusudanavenganapa\.m2\repository\org\jboss\logging\jboss-logging\3.3.3.Final\jboss-logging-3.3.3.Final.jar;C:\Users\madhusudanavenganapa\.m2\repository\com\fasterxml\classmate\1.4.0\classmate-1.4.0.jar;C:\Users\madhusudanavenganapa\.m2\repository\org\springframework\spring-web\5.1.11.RELEASE\spring-web-5.1.11.RELEASE.jar;C:\Users\madhusudanavenganapa\.m2\repository\org\springframework\spring-webmvc\5.1.11.RELEASE\spring-webmvc-5.1.11.RELEASE.jar;C:\Users\madhusudanavenganapa\.m2\repository\org\springframework\spring-aop\5.1.11.RELEASE\spring-aop-5.1.11.RELEASE.jar;C:\Users\madhusudanavenganapa\.m2\repository\org\springframework\spring-context\5.1.11.RELEASE\spring-context-5.1.11.RELEASE.jar;C:\Users\madhusudanavenganapa\.m2\repository\org\springframework\spring-expression\5.1.11.RELEASE\spring-expression-5.1.11.RELEASE.jar;C:\Users\madhusudanavenganapa\.m2\repository\org\springframework\boot\spring-boot-starter-test\2.1.10.RELEASE\spring-boot-starter-test-2.1.10.RELEASE.jar;C:\Users\madhusudanavenganapa\.m2\repository\org\springframework\boot\spring-boot-test\2.1.10.RELEASE\spring-boot-test-2.1.10.RELEASE.jar;C:\Users\madhusudanavenganapa\.m2\repository\org\springframework\boot\spring-boot-test-autoconfigure\2.1.10.RELEASE\spring-boot-test-autoconfigure-2.1.10.RELEASE.jar;C:\Users\madhusudanavenganapa\.m2\repository\com\jayway\jsonpath\json-path\2.4.0\json-path-2.4.0.jar;C:\Users\madhusudanavenganapa\.m2\repository\net\minidev\json-smart\2.3\json-smart-2.3.jar;C:\Users\madhusudanavenganapa\.m2\repository\net\minidev\accessors-smart\1.2\accessors-smart-1.2.jar;C:\Users\madhusudanavenganapa\.m2\repository\org\ow2\asm\asm\5.0.4\asm-5.0.4.jar;C:\Users\madhusudanavenganapa\.m2\repository\org\slf4j\slf4j-api\1.7.29\slf4j-api-1.7.29.jar;C:\Users\madhusudanavenganapa\.m2\repository\junit\junit\4.12\junit-4.12.jar;C:\Users\madhusudanavenganapa\.m2\repository\org\assertj\assertj-core\3.11.1\assertj-core-3.11.1.jar;C:\Users\madhusudanavenganapa\.m2\repository\org\mockito\mockito-core\2.23.4\mockito-core-2.23.4.jar;C:\Users\madhusudanavenganapa\.m2\repository\net\bytebuddy\byte-buddy\1.9.16\byte-buddy-1.9.16.jar;C:\Users\madhusudanavenganapa\.m2\repository\net\bytebuddy\byte-buddy-agent\1.9.16\byte-buddy-agent-1.9.16.jar;C:\Users\madhusudanavenganapa\.m2\repository\org\objenesis\objenesis\2.6\objenesis-2.6.jar;C:\Users\madhusudanavenganapa\.m2\repository\org\hamcrest\hamcrest-core\1.3\hamcrest-core-1.3.jar;C:\Users\madhusudanavenganapa\.m2\repository\org\hamcrest\hamcrest-library\1.3\hamcrest-library-1.3.jar;C:\Users\madhusudanavenganapa\.m2\repository\org\skyscreamer\jsonassert\1.5.0\jsonassert-1.5.0.jar;C:\Users\madhusudanavenganapa\.m2\repository\com\vaadin\external\google\android-json\0.0.20131108.vaadin1\android-json-0.0.20131108.vaadin1.jar;C:\Users\madhusudanavenganapa\.m2\repository\org\springframework\spring-core\5.1.11.RELEASE\spring-core-5.1.11.RELEASE.jar;C:\Users\madhusudanavenganapa\.m2\repository\org\springframework\spring-jcl\5.1.11.RELEASE\spring-jcl-5.1.11.RELEASE.jar;C:\Users\madhusudanavenganapa\.m2\repository\org\springframework\spring-test\5.1.11.RELEASE\spring-test-5.1.11.RELEASE.jar;C:\Users\madhusudanavenganapa\.m2\repository\org\xmlunit\xmlunit-core\2.6.3\xmlunit-core-2.6.3.jar;"/>
    <property name="sun.cpu.endian" value="little"/>
    <property name="user.home" value="C:\Users\madhusudanavenganapa"/>
    <property name="user.language" value="en"/>
    <property name="java.specification.vendor" value="Oracle Corporation"/>
    <property name="java.home" value="C:\Program Files\Java\jdk1.8.0_221\jre"/>
    <property name="basedir" value="C:\Work\smartsancharapi"/>
    <property name="file.separator" value="\"/>
    <property name="line.separator" value="&#10;"/>
    <property name="java.vm.specification.vendor" value="Oracle Corporation"/>
    <property name="java.specification.name" value="Java Platform API Specification"/>
    <property name="java.awt.graphicsenv" value="sun.awt.Win32GraphicsEnvironment"/>
    <property name="surefire.real.class.path" value="C:\Users\MADHUS~1\AppData\Local\Temp\surefire8790349218833997587\surefirebooter5401945417834592427.jar"/>
    <property name="sun.boot.class.path" value="C:\Program Files\Java\jdk1.8.0_221\jre\lib\resources.jar;C:\Program Files\Java\jdk1.8.0_221\jre\lib\rt.jar;C:\Program Files\Java\jdk1.8.0_221\jre\lib\sunrsasign.jar;C:\Program Files\Java\jdk1.8.0_221\jre\lib\jsse.jar;C:\Program Files\Java\jdk1.8.0_221\jre\lib\jce.jar;C:\Program Files\Java\jdk1.8.0_221\jre\lib\charsets.jar;C:\Program Files\Java\jdk1.8.0_221\jre\lib\jfr.jar;C:\Program Files\Java\jdk1.8.0_221\jre\classes"/>
    <property name="user.script" value=""/>
    <property name="sun.management.compiler" value="HotSpot 64-Bit Tiered Compilers"/>
    <property name="java.runtime.version" value="1.8.0_221-b11"/>
    <property name="user.name" value="MadhusudanaVenganapa"/>
    <property name="path.separator" value=";"/>
    <property name="os.version" value="10.0"/>
    <property name="java.endorsed.dirs" value="C:\Program Files\Java\jdk1.8.0_221\jre\lib\endorsed"/>
    <property name="java.runtime.name" value="Java(TM) SE Runtime Environment"/>
    <property name="file.encoding" value="Cp1252"/>
    <property name="java.vm.name" value="Java HotSpot(TM) 64-Bit Server VM"/>
    <property name="localRepository" value="C:\Users\madhusudanavenganapa\.m2\repository"/>
    <property name="java.vendor.url.bug" value="http://bugreport.sun.com/bugreport/"/>
    <property name="java.io.tmpdir" value="C:\Users\MADHUS~1\AppData\Local\Temp\"/>
    <property name="java.version" value="1.8.0_221"/>
    <property name="user.dir" value="C:\Work\smartsancharapi"/>
    <property name="os.arch" value="amd64"/>
    <property name="java.vm.specification.name" value="Java Virtual Machine Specification"/>
    <property name="java.awt.printerjob" value="sun.awt.windows.WPrinterJob"/>
    <property name="sun.os.patch.level" value=""/>
    <property name="java.library.path" value="C:\Program Files\Java\jdk1.8.0_221\jre\bin;C:\WINDOWS\Sun\Java\bin;C:\WINDOWS\system32;C:\WINDOWS;C:\Program Files\Java\jdk1.8.0_221\bin;C:\Program Files\Java\jre1.8.0_221\bin;C:\Program Files (x86)\Common Files\Oracle\Java\javapath;C:\Program Files (x86)\RSA SecurID Token Common;C:\Program Files\RSA SecurID Token Common;C:\WINDOWS\system32;C:\WINDOWS;C:\WINDOWS\System32\Wbem;C:\WINDOWS\System32\WindowsPowerShell\v1.0\;C:\WINDOWS\System32\OpenSSH\;C:\Program Files\PuTTY\;C:\Program Files\TortoiseSVN\bin;C:\Program Files\MIT\Kerberos\bin;%M2_HOME%\bin;%ANT_HOME%\bin;C:\Program Files\CrashPlan\jre\bin\server\;C:\Program Files\CrashPlan\jre\bin\;&quot;C:\Program Files\Java\jdk1.8.0_221\bin;C:\Program Files\Java\jre1.8.0_221\bin;C:\Program Files (x86)\Common Files\Oracle\Java\javapath;C:\Program Files (x86)\RSA SecurID Token Common;C:\Program Files\RSA SecurID Token Common;C:\WINDOWS\system32;C:\WINDOWS;C:\WINDOWS\System32\Wbem;C:\WINDOWS\System&quot;;C:\Users\madhusudanavenganapa\AppData\Local\Microsoft\WindowsApps;C:\Work\apache-maven-3.6.1\bin;C:\Work\apache-ant-1.9.14\bin;C:\Users\madhusudanavenganapa\AppData\Local\GitHubDesktop\bin;."/>
    <property name="java.vm.info" value="mixed mode"/>
    <property name="java.vendor" value="Oracle Corporation"/>
    <property name="java.vm.version" value="25.221-b11"/>
    <property name="java.ext.dirs" value="C:\Program Files\Java\jdk1.8.0_221\jre\lib\ext;C:\WINDOWS\Sun\Java\lib\ext"/>
    <property name="sun.io.unicode.encoding" value="UnicodeLittle"/>
    <property name="java.class.version" value="52.0"/>
  </properties>
  <testcase name="contextLoads" classname="com.hiFICOder.smart.sanchar.api.SmartSancharApplicationTests" time="0.194"/>
</testsuite>